<html>
<head>
<title>TestNG:  Default test</title>
<link href="../testng.css" rel="stylesheet" type="text/css" />
<link href="../my-testng.css" rel="stylesheet" type="text/css" />

<style type="text/css">
.log { display: none;} 
.stack-trace { display: none;} 
</style>
<script type="text/javascript">
<!--
function flip(e) {
  current = e.style.display;
  if (current == 'block') {
    e.style.display = 'none';
    return 0;
  }
  else {
    e.style.display = 'block';
    return 1;
  }
}

function toggleBox(szDivId, elem, msg1, msg2)
{
  var res = -1;  if (document.getElementById) {
    res = flip(document.getElementById(szDivId));
  }
  else if (document.all) {
    // this is the way old msie versions work
    res = flip(document.all[szDivId]);
  }
  if(elem) {
    if(res == 0) elem.innerHTML = msg1; else elem.innerHTML = msg2;
  }

}

function toggleAllBoxes() {
  if (document.getElementsByTagName) {
    d = document.getElementsByTagName('div');
    for (i = 0; i < d.length; i++) {
      if (d[i].className == 'log') {
        flip(d[i]);
      }
    }
  }
}

// -->
</script>

</head>
<body>
<h2 align='center'>Default test</h2><table border='1' align="center">
<tr>
<td>Tests passed/Failed/Skipped:</td><td>13/4/0</td>
</tr><tr>
<td>Started on:</td><td>Mon Jul 04 11:30:57 EET 2022</td>
</tr>
<tr><td>Total time:</td><td>171 seconds (171709 ms)</td>
</tr><tr>
<td>Included groups:</td><td></td>
</tr><tr>
<td>Excluded groups:</td><td></td>
</tr>
</table><p/>
<small><i>(Hover the method name to see the test class name)</i></small><p/>
<table width='100%' border='1' class='invocation-failed'>
<tr><td colspan='4' align='center'><b>FAILED TESTS</b></td></tr>
<tr><td><b>Test method</b></td>
<td width="30%"><b>Exception</b></td>
<td width="10%"><b>Time (seconds)</b></td>
<td><b>Instance</b></td>
</tr>
<tr>
<td title='org.example.TestRunner.Runners.runScenario()'><b>runScenario</b><br>Test class: org.example.TestRunner.Runners<br>Test method: Runs Cucumber Scenarios<br>Parameters: "user click second slider", "user can change the slider and open in home page"</td>
<td><div><pre>java.lang.AssertionError: expected [https://demo.nopcommerce.com/Nokia_Lumia_1020] but found [https://demo.nopcommerce.com/]
	at org.testng.Assert.fail(Assert.java:110)
	at org.testng.Assert.failNotEquals(Assert.java:1413)
	at org.testng.Assert.assertEqualsImpl(Assert.java:149)
	at org.testng.Assert.assertEquals(Assert.java:131)
	at org.testng.Assert.assertEquals(Assert.java:655)
	at org.testng.Assert.assertEquals(Assert.java:665)
	at org.example.setpDefintions.D08_homeSlidersDef.validateSecondSlider(D08_homeSlidersDef.java:39)
	at ✽.user open the product 2 which it clickable(file:///E:/Qutb/nopecommerceProject-master/src/main/resources/features/F08_homeSlider.feature:9)
</pre></div><a href='#' onClick='toggleBox("stack-trace962931248", this, "Click to show all stack frames", "Click to hide stack frames")'>Click to show all stack frames</a>
<div class='stack-trace' id='stack-trace962931248'><pre>java.lang.AssertionError: expected [https://demo.nopcommerce.com/Nokia_Lumia_1020] but found [https://demo.nopcommerce.com/]
	at org.testng.Assert.fail(Assert.java:110)
	at org.testng.Assert.failNotEquals(Assert.java:1413)
	at org.testng.Assert.assertEqualsImpl(Assert.java:149)
	at org.testng.Assert.assertEquals(Assert.java:131)
	at org.testng.Assert.assertEquals(Assert.java:655)
	at org.testng.Assert.assertEquals(Assert.java:665)
	at org.example.setpDefintions.D08_homeSlidersDef.validateSecondSlider(D08_homeSlidersDef.java:39)
	at ✽.user open the product 2 which it clickable(file:///E:/Qutb/nopecommerceProject-master/src/main/resources/features/F08_homeSlider.feature:9)
</pre></div></td>
<td>16</td>
<td>org.example.TestRunner.Runners@1623b78d</td></tr>
<tr>
<td title='org.example.TestRunner.Runners.runScenario()'><b>runScenario</b><br>Test class: org.example.TestRunner.Runners<br>Test method: Runs Cucumber Scenarios<br>Parameters: "user click first slider", "user can change the slider and open in home page"</td>
<td><div><pre>java.lang.AssertionError: expected [https://demo.nopcommerce.com/Iphone_s6] but found [https://demo.nopcommerce.com/]
	at org.testng.Assert.fail(Assert.java:110)
	at org.testng.Assert.failNotEquals(Assert.java:1413)
	at org.testng.Assert.assertEqualsImpl(Assert.java:149)
	at org.testng.Assert.assertEquals(Assert.java:131)
	at org.testng.Assert.assertEquals(Assert.java:655)
	at org.testng.Assert.assertEquals(Assert.java:665)
	at org.example.setpDefintions.D08_homeSlidersDef.validateFirstSlider(D08_homeSlidersDef.java:26)
	at ✽.user open the product which it clickable(file:///E:/Qutb/nopecommerceProject-master/src/main/resources/features/F08_homeSlider.feature:5)
</pre></div><a href='#' onClick='toggleBox("stack-trace1468393491", this, "Click to show all stack frames", "Click to hide stack frames")'>Click to show all stack frames</a>
<div class='stack-trace' id='stack-trace1468393491'><pre>java.lang.AssertionError: expected [https://demo.nopcommerce.com/Iphone_s6] but found [https://demo.nopcommerce.com/]
	at org.testng.Assert.fail(Assert.java:110)
	at org.testng.Assert.failNotEquals(Assert.java:1413)
	at org.testng.Assert.assertEqualsImpl(Assert.java:149)
	at org.testng.Assert.assertEquals(Assert.java:131)
	at org.testng.Assert.assertEquals(Assert.java:655)
	at org.testng.Assert.assertEquals(Assert.java:665)
	at org.example.setpDefintions.D08_homeSlidersDef.validateFirstSlider(D08_homeSlidersDef.java:26)
	at ✽.user open the product which it clickable(file:///E:/Qutb/nopecommerceProject-master/src/main/resources/features/F08_homeSlider.feature:5)
</pre></div></td>
<td>8</td>
<td>org.example.TestRunner.Runners@1623b78d</td></tr>
<tr>
<td title='org.example.TestRunner.Runners.runScenario()'><b>runScenario</b><br>Test class: org.example.TestRunner.Runners<br>Test method: Runs Cucumber Scenarios<br>Parameters: "user register with valid data", "user must register to have an account in the website"</td>
<td><div><pre>org.openqa.selenium.NoSuchElementException: Cannot locate option with value: 03
For documentation on this error, please visit: https://selenium.dev/exceptions/#no_such_element
Build info: version: &apos;4.1.4&apos;, revision: &apos;535d840ee2&apos;
System info: host: &apos;DESKTOP-AT94HTB&apos;, ip: &apos;192.168.100.62&apos;, os.name: &apos;Windows 11&apos;, os.arch: &apos;amd64&apos;, os.version: &apos;10.0&apos;, java.version: &apos;18.0.1.1&apos;
Driver info: driver.version: unknown
	at org.openqa.selenium.support.ui.Select.findOptionsByValue(Select.java:287)
	at org.openqa.selenium.support.ui.Select.selectByValue(Select.java:190)
	at org.example.setpDefintions.D01_registerationStepsDef.date_ofBirth(D01_registerationStepsDef.java:36)
	at ✽.user enter date of birth(file:///E:/Qutb/nopecommerceProject-master/src/main/resources/features/F01_registeration.feature:7)
</pre></div><a href='#' onClick='toggleBox("stack-trace327561535", this, "Click to show all stack frames", "Click to hide stack frames")'>Click to show all stack frames</a>
<div class='stack-trace' id='stack-trace327561535'><pre>org.openqa.selenium.NoSuchElementException: Cannot locate option with value: 03
For documentation on this error, please visit: https://selenium.dev/exceptions/#no_such_element
Build info: version: &apos;4.1.4&apos;, revision: &apos;535d840ee2&apos;
System info: host: &apos;DESKTOP-AT94HTB&apos;, ip: &apos;192.168.100.62&apos;, os.name: &apos;Windows 11&apos;, os.arch: &apos;amd64&apos;, os.version: &apos;10.0&apos;, java.version: &apos;18.0.1.1&apos;
Driver info: driver.version: unknown
	at org.openqa.selenium.support.ui.Select.findOptionsByValue(Select.java:287)
	at org.openqa.selenium.support.ui.Select.selectByValue(Select.java:190)
	at org.example.setpDefintions.D01_registerationStepsDef.date_ofBirth(D01_registerationStepsDef.java:36)
	at ✽.user enter date of birth(file:///E:/Qutb/nopecommerceProject-master/src/main/resources/features/F01_registeration.feature:7)
</pre></div></td>
<td>23</td>
<td>org.example.TestRunner.Runners@1623b78d</td></tr>
<tr>
<td title='org.example.TestRunner.Runners.runScenario()'><b>runScenario</b><br>Test class: org.example.TestRunner.Runners<br>Test method: Runs Cucumber Scenarios<br>Parameters: "user opens res  link", "user can opens any follow us links"</td>
<td><div><pre>java.lang.AssertionError: expected [https://demo.nopcommerce.com/new-online-store-is-open] but found [https://demo.nopcommerce.com/news/rss/1]
	at org.testng.Assert.fail(Assert.java:110)
	at org.testng.Assert.failNotEquals(Assert.java:1413)
	at org.testng.Assert.assertEqualsImpl(Assert.java:149)
	at org.testng.Assert.assertEquals(Assert.java:131)
	at org.testng.Assert.assertEquals(Assert.java:655)
	at org.testng.Assert.assertEquals(Assert.java:665)
	at org.example.setpDefintions.D06_followUsSDef.rssAssert(D06_followUsSDef.java:53)
	at ✽.New Store News Page is opened(file:///E:/Qutb/nopecommerceProject-master/src/main/resources/features/F06_followUs.feature:11)
</pre></div><a href='#' onClick='toggleBox("stack-trace2021540695", this, "Click to show all stack frames", "Click to hide stack frames")'>Click to show all stack frames</a>
<div class='stack-trace' id='stack-trace2021540695'><pre>java.lang.AssertionError: expected [https://demo.nopcommerce.com/new-online-store-is-open] but found [https://demo.nopcommerce.com/news/rss/1]
	at org.testng.Assert.fail(Assert.java:110)
	at org.testng.Assert.failNotEquals(Assert.java:1413)
	at org.testng.Assert.assertEqualsImpl(Assert.java:149)
	at org.testng.Assert.assertEquals(Assert.java:131)
	at org.testng.Assert.assertEquals(Assert.java:655)
	at org.testng.Assert.assertEquals(Assert.java:665)
	at org.example.setpDefintions.D06_followUsSDef.rssAssert(D06_followUsSDef.java:53)
	at ✽.New Store News Page is opened(file:///E:/Qutb/nopecommerceProject-master/src/main/resources/features/F06_followUs.feature:11)
</pre></div></td>
<td>6</td>
<td>org.example.TestRunner.Runners@1623b78d</td></tr>
</table><p>
<table width='100%' border='1' class='invocation-passed'>
<tr><td colspan='4' align='center'><b>PASSED TESTS</b></td></tr>
<tr><td><b>Test method</b></td>
<td width="30%"><b>Exception</b></td>
<td width="10%"><b>Time (seconds)</b></td>
<td><b>Instance</b></td>
</tr>
<tr>
<td title='org.example.TestRunner.Runners.runScenario()'><b>runScenario</b><br>Test class: org.example.TestRunner.Runners<br>Test method: Runs Cucumber Scenarios<br>Parameters: "number of wishlist items in home page is increased", "guest user can add products to wishlist"</td>
<td></td>
<td>9</td>
<td>org.example.TestRunner.Runners@1623b78d</td></tr>
<tr>
<td title='org.example.TestRunner.Runners.runScenario()'><b>runScenario</b><br>Test class: org.example.TestRunner.Runners<br>Test method: Runs Cucumber Scenarios<br>Parameters: "user opens face book link", "user can opens any follow us links"</td>
<td></td>
<td>8</td>
<td>org.example.TestRunner.Runners@1623b78d</td></tr>
<tr>
<td title='org.example.TestRunner.Runners.runScenario()'><b>runScenario</b><br>Test class: org.example.TestRunner.Runners<br>Test method: Runs Cucumber Scenarios<br>Parameters: "user switch between currencies", "login user can switch between currencies"</td>
<td></td>
<td>11</td>
<td>org.example.TestRunner.Runners@1623b78d</td></tr>
<tr>
<td title='org.example.TestRunner.Runners.runScenario()'><b>runScenario</b><br>Test class: org.example.TestRunner.Runners<br>Test method: Runs Cucumber Scenarios<br>Parameters: "user login with valid Data", "user login in to the webSite"</td>
<td></td>
<td>9</td>
<td>org.example.TestRunner.Runners@1623b78d</td></tr>
<tr>
<td title='org.example.TestRunner.Runners.runScenario()'><b>runScenario</b><br>Test class: org.example.TestRunner.Runners<br>Test method: Runs Cucumber Scenarios<br>Parameters: "user using search input for find product", "user login search by name for to find a product"</td>
<td></td>
<td>6</td>
<td>org.example.TestRunner.Runners@1623b78d</td></tr>
<tr>
<td title='org.example.TestRunner.Runners.runScenario()'><b>runScenario</b><br>Test class: org.example.TestRunner.Runners<br>Test method: Runs Cucumber Scenarios<br>Parameters: "logged user  click on the wishList element "Build your own computer"", "user login can add product to shopping card"</td>
<td></td>
<td>8</td>
<td>org.example.TestRunner.Runners@1623b78d</td></tr>
<tr>
<td title='org.example.TestRunner.Runners.runScenario()'><b>runScenario</b><br>Test class: org.example.TestRunner.Runners<br>Test method: Runs Cucumber Scenarios<br>Parameters: "success message is visible after add product to wishlist", "guest user can add products to wishlist"</td>
<td></td>
<td>8</td>
<td>org.example.TestRunner.Runners@1623b78d</td></tr>
<tr>
<td title='org.example.TestRunner.Runners.runScenario()'><b>runScenario</b><br>Test class: org.example.TestRunner.Runners<br>Test method: Runs Cucumber Scenarios<br>Parameters: "user opens twitter link", "user can opens any follow us links"</td>
<td></td>
<td>8</td>
<td>org.example.TestRunner.Runners@1623b78d</td></tr>
<tr>
<td title='org.example.TestRunner.Runners.runScenario()'><b>runScenario</b><br>Test class: org.example.TestRunner.Runners<br>Test method: Runs Cucumber Scenarios<br>Parameters: "user opens YouTube link", "user can opens any follow us links"</td>
<td></td>
<td>9</td>
<td>org.example.TestRunner.Runners@1623b78d</td></tr>
<tr>
<td title='org.example.TestRunner.Runners.runScenario()'><b>runScenario</b><br>Test class: org.example.TestRunner.Runners<br>Test method: Runs Cucumber Scenarios<br>Parameters: "logged user  click on the wishList element "Apple MacBook Pro 13-inch"", "user login can add product to shopping card"</td>
<td></td>
<td>7</td>
<td>org.example.TestRunner.Runners@1623b78d</td></tr>
<tr>
<td title='org.example.TestRunner.Runners.runScenario()'><b>runScenario</b><br>Test class: org.example.TestRunner.Runners<br>Test method: Runs Cucumber Scenarios<br>Parameters: "added products are displayed on wishlist page", "guest user can add products to wishlist"</td>
<td></td>
<td>10</td>
<td>org.example.TestRunner.Runners@1623b78d</td></tr>
<tr>
<td title='org.example.TestRunner.Runners.runScenario()'><b>runScenario</b><br>Test class: org.example.TestRunner.Runners<br>Test method: Runs Cucumber Scenarios<br>Parameters: "user using search input for find product by SKU", "user login search by SKU for to find a product"</td>
<td></td>
<td>9</td>
<td>org.example.TestRunner.Runners@1623b78d</td></tr>
<tr>
<td title='org.example.TestRunner.Runners.runScenario()'><b>runScenario</b><br>Test class: org.example.TestRunner.Runners<br>Test method: Runs Cucumber Scenarios<br>Parameters: "user hover categories and choose one of them", "user login could hover and choice multiple categories"</td>
<td></td>
<td>8</td>
<td>org.example.TestRunner.Runners@1623b78d</td></tr>
</table><p>
</body>
</html>