<!DOCTYPE html PUBLIC "-//W3C//DTD XHTML 1.1//EN" "https://www.w3.org/TR/xhtml11/DTD/xhtml11.dtd">
<html xmlns="https://www.w3.org/1999/xhtml">
<head>
<meta http-equiv="content-type" content="text/html; charset=UTF-8"/>
<title>TestNG Report</title>
<style type="text/css">table {margin-bottom:10px;border-collapse:collapse;empty-cells:show}th,td {border:1px solid #009;padding:.25em .5em}th {vertical-align:bottom}td {vertical-align:top}table a {font-weight:bold}.stripe td {background-color: #E6EBF9}.num {text-align:right}.passedodd td {background-color: #3F3}.passedeven td {background-color: #0A0}.skippedodd td {background-color: #DDD}.skippedeven td {background-color: #CCC}.failedodd td,.attn {background-color: #F33}.failedeven td,.stripe .attn {background-color: #D00}.stacktrace {white-space:pre;font-family:monospace}.totop {font-size:85%;text-align:center;border-bottom:2px solid #000}.invisible {display:none}</style>
</head>
<body>
<table>
<tr><th>Test</th><th># Passed</th><th># Skipped</th><th># Retried</th><th># Failed</th><th>Time (ms)</th><th>Included Groups</th><th>Excluded Groups</th></tr>
<tr><th colspan="8">Default suite</th></tr>
<tr><td><a href="#t0">Default test</a></td><td class="num">13</td><td class="num">0</td><td class="num">0</td><td class="num attn">4</td><td class="num">171,709</td><td></td><td></td></tr>
</table>
<table id='summary'><thead><tr><th>Class</th><th>Method</th><th>Start</th><th>Time (ms)</th></tr></thead><tbody><tr><th colspan="4">Default suite</th></tr></tbody><tbody id="t0"><tr><th colspan="4">Default test &#8212; failed</th></tr><tr class="failedeven"><td rowspan="4">org.example.TestRunner.Runners</td><td><a href="#m0">runScenario</a></td><td rowspan="4">1656927175163</td><td rowspan="4">16334</td></tr><tr class="failedeven"><td><a href="#m1">runScenario</a></td></tr><tr class="failedeven"><td><a href="#m2">runScenario</a></td></tr><tr class="failedeven"><td><a href="#m3">runScenario</a></td></tr><tr><th colspan="4">Default test &#8212; passed</th></tr><tr class="passedeven"><td rowspan="13">org.example.TestRunner.Runners</td><td><a href="#m4">runScenario</a></td><td rowspan="13">1656927200239</td><td rowspan="13">9026</td></tr><tr class="passedeven"><td><a href="#m5">runScenario</a></td></tr><tr class="passedeven"><td><a href="#m6">runScenario</a></td></tr><tr class="passedeven"><td><a href="#m7">runScenario</a></td></tr><tr class="passedeven"><td><a href="#m8">runScenario</a></td></tr><tr class="passedeven"><td><a href="#m9">runScenario</a></td></tr><tr class="passedeven"><td><a href="#m10">runScenario</a></td></tr><tr class="passedeven"><td><a href="#m11">runScenario</a></td></tr><tr class="passedeven"><td><a href="#m12">runScenario</a></td></tr><tr class="passedeven"><td><a href="#m13">runScenario</a></td></tr><tr class="passedeven"><td><a href="#m14">runScenario</a></td></tr><tr class="passedeven"><td><a href="#m15">runScenario</a></td></tr><tr class="passedeven"><td><a href="#m16">runScenario</a></td></tr></tbody>
</table>
<h2>Default test</h2><h3 id="m0">org.example.TestRunner.Runners#runScenario</h3><table class="result"><tr class="param"><th>Parameter #1</th><th>Parameter #2</th></tr><tr class="param stripe"><td>&quot;user click second slider&quot;</td><td>&quot;user can change the slider and open in home page&quot;</td></tr><tr><th colspan="2">Exception</th></tr><tr><td colspan="2"><div class="stacktrace">java.lang.AssertionError: expected [https://demo.nopcommerce.com/Nokia_Lumia_1020] but found [https://demo.nopcommerce.com/]
	at org.testng.Assert.fail(Assert.java:110)
	at org.testng.Assert.failNotEquals(Assert.java:1413)
	at org.testng.Assert.assertEqualsImpl(Assert.java:149)
	at org.testng.Assert.assertEquals(Assert.java:131)
	at org.testng.Assert.assertEquals(Assert.java:655)
	at org.testng.Assert.assertEquals(Assert.java:665)
	at org.example.setpDefintions.D08_homeSlidersDef.validateSecondSlider(D08_homeSlidersDef.java:39)
	at ✽.user open the product 2 which it clickable(file:///E:/Qutb/nopecommerceProject-master/src/main/resources/features/F08_homeSlider.feature:9)
</div></td></tr></table><p class="totop"><a href="#summary">back to summary</a></p>
<h3 id="m1">org.example.TestRunner.Runners#runScenario</h3><table class="result"><tr class="param"><th>Parameter #1</th><th>Parameter #2</th></tr><tr class="param stripe"><td>&quot;user click first slider&quot;</td><td>&quot;user can change the slider and open in home page&quot;</td></tr><tr><th colspan="2">Exception</th></tr><tr><td colspan="2"><div class="stacktrace">java.lang.AssertionError: expected [https://demo.nopcommerce.com/Iphone_s6] but found [https://demo.nopcommerce.com/]
	at org.testng.Assert.fail(Assert.java:110)
	at org.testng.Assert.failNotEquals(Assert.java:1413)
	at org.testng.Assert.assertEqualsImpl(Assert.java:149)
	at org.testng.Assert.assertEquals(Assert.java:131)
	at org.testng.Assert.assertEquals(Assert.java:655)
	at org.testng.Assert.assertEquals(Assert.java:665)
	at org.example.setpDefintions.D08_homeSlidersDef.validateFirstSlider(D08_homeSlidersDef.java:26)
	at ✽.user open the product which it clickable(file:///E:/Qutb/nopecommerceProject-master/src/main/resources/features/F08_homeSlider.feature:5)
</div></td></tr></table><p class="totop"><a href="#summary">back to summary</a></p>
<h3 id="m2">org.example.TestRunner.Runners#runScenario</h3><table class="result"><tr class="param"><th>Parameter #1</th><th>Parameter #2</th></tr><tr class="param stripe"><td>&quot;user register with valid data&quot;</td><td>&quot;user must register to have an account in the website&quot;</td></tr><tr><th colspan="2">Exception</th></tr><tr><td colspan="2"><div class="stacktrace">org.openqa.selenium.NoSuchElementException: Cannot locate option with value: 03
For documentation on this error, please visit: https://selenium.dev/exceptions/#no_such_element
Build info: version: &apos;4.1.4&apos;, revision: &apos;535d840ee2&apos;
System info: host: &apos;DESKTOP-AT94HTB&apos;, ip: &apos;192.168.100.62&apos;, os.name: &apos;Windows 11&apos;, os.arch: &apos;amd64&apos;, os.version: &apos;10.0&apos;, java.version: &apos;18.0.1.1&apos;
Driver info: driver.version: unknown
	at org.openqa.selenium.support.ui.Select.findOptionsByValue(Select.java:287)
	at org.openqa.selenium.support.ui.Select.selectByValue(Select.java:190)
	at org.example.setpDefintions.D01_registerationStepsDef.date_ofBirth(D01_registerationStepsDef.java:36)
	at ✽.user enter date of birth(file:///E:/Qutb/nopecommerceProject-master/src/main/resources/features/F01_registeration.feature:7)
</div></td></tr></table><p class="totop"><a href="#summary">back to summary</a></p>
<h3 id="m3">org.example.TestRunner.Runners#runScenario</h3><table class="result"><tr class="param"><th>Parameter #1</th><th>Parameter #2</th></tr><tr class="param stripe"><td>&quot;user opens res  link&quot;</td><td>&quot;user can opens any follow us links&quot;</td></tr><tr><th colspan="2">Exception</th></tr><tr><td colspan="2"><div class="stacktrace">java.lang.AssertionError: expected [https://demo.nopcommerce.com/new-online-store-is-open] but found [https://demo.nopcommerce.com/news/rss/1]
	at org.testng.Assert.fail(Assert.java:110)
	at org.testng.Assert.failNotEquals(Assert.java:1413)
	at org.testng.Assert.assertEqualsImpl(Assert.java:149)
	at org.testng.Assert.assertEquals(Assert.java:131)
	at org.testng.Assert.assertEquals(Assert.java:655)
	at org.testng.Assert.assertEquals(Assert.java:665)
	at org.example.setpDefintions.D06_followUsSDef.rssAssert(D06_followUsSDef.java:53)
	at ✽.New Store News Page is opened(file:///E:/Qutb/nopecommerceProject-master/src/main/resources/features/F06_followUs.feature:11)
</div></td></tr></table><p class="totop"><a href="#summary">back to summary</a></p>
<h3 id="m4">org.example.TestRunner.Runners#runScenario</h3><table class="result"><tr class="param"><th>Parameter #1</th><th>Parameter #2</th></tr><tr class="param stripe"><td>&quot;number of wishlist items in home page is increased&quot;</td><td>&quot;guest user can add products to wishlist&quot;</td></tr></table><p class="totop"><a href="#summary">back to summary</a></p>
<h3 id="m5">org.example.TestRunner.Runners#runScenario</h3><table class="result"><tr class="param"><th>Parameter #1</th><th>Parameter #2</th></tr><tr class="param stripe"><td>&quot;user opens face book link&quot;</td><td>&quot;user can opens any follow us links&quot;</td></tr></table><p class="totop"><a href="#summary">back to summary</a></p>
<h3 id="m6">org.example.TestRunner.Runners#runScenario</h3><table class="result"><tr class="param"><th>Parameter #1</th><th>Parameter #2</th></tr><tr class="param stripe"><td>&quot;user switch between currencies&quot;</td><td>&quot;login user can switch between currencies&quot;</td></tr></table><p class="totop"><a href="#summary">back to summary</a></p>
<h3 id="m7">org.example.TestRunner.Runners#runScenario</h3><table class="result"><tr class="param"><th>Parameter #1</th><th>Parameter #2</th></tr><tr class="param stripe"><td>&quot;user login with valid Data&quot;</td><td>&quot;user login in to the webSite&quot;</td></tr></table><p class="totop"><a href="#summary">back to summary</a></p>
<h3 id="m8">org.example.TestRunner.Runners#runScenario</h3><table class="result"><tr class="param"><th>Parameter #1</th><th>Parameter #2</th></tr><tr class="param stripe"><td>&quot;user using search input for find product&quot;</td><td>&quot;user login search by name for to find a product&quot;</td></tr></table><p class="totop"><a href="#summary">back to summary</a></p>
<h3 id="m9">org.example.TestRunner.Runners#runScenario</h3><table class="result"><tr class="param"><th>Parameter #1</th><th>Parameter #2</th></tr><tr class="param stripe"><td>&quot;logged user  click on the wishList element &quot;Build your own computer&quot;&quot;</td><td>&quot;user login can add product to shopping card&quot;</td></tr></table><p class="totop"><a href="#summary">back to summary</a></p>
<h3 id="m10">org.example.TestRunner.Runners#runScenario</h3><table class="result"><tr class="param"><th>Parameter #1</th><th>Parameter #2</th></tr><tr class="param stripe"><td>&quot;success message is visible after add product to wishlist&quot;</td><td>&quot;guest user can add products to wishlist&quot;</td></tr></table><p class="totop"><a href="#summary">back to summary</a></p>
<h3 id="m11">org.example.TestRunner.Runners#runScenario</h3><table class="result"><tr class="param"><th>Parameter #1</th><th>Parameter #2</th></tr><tr class="param stripe"><td>&quot;user opens twitter link&quot;</td><td>&quot;user can opens any follow us links&quot;</td></tr></table><p class="totop"><a href="#summary">back to summary</a></p>
<h3 id="m12">org.example.TestRunner.Runners#runScenario</h3><table class="result"><tr class="param"><th>Parameter #1</th><th>Parameter #2</th></tr><tr class="param stripe"><td>&quot;user opens YouTube link&quot;</td><td>&quot;user can opens any follow us links&quot;</td></tr></table><p class="totop"><a href="#summary">back to summary</a></p>
<h3 id="m13">org.example.TestRunner.Runners#runScenario</h3><table class="result"><tr class="param"><th>Parameter #1</th><th>Parameter #2</th></tr><tr class="param stripe"><td>&quot;logged user  click on the wishList element &quot;Apple MacBook Pro 13-inch&quot;&quot;</td><td>&quot;user login can add product to shopping card&quot;</td></tr></table><p class="totop"><a href="#summary">back to summary</a></p>
<h3 id="m14">org.example.TestRunner.Runners#runScenario</h3><table class="result"><tr class="param"><th>Parameter #1</th><th>Parameter #2</th></tr><tr class="param stripe"><td>&quot;added products are displayed on wishlist page&quot;</td><td>&quot;guest user can add products to wishlist&quot;</td></tr></table><p class="totop"><a href="#summary">back to summary</a></p>
<h3 id="m15">org.example.TestRunner.Runners#runScenario</h3><table class="result"><tr class="param"><th>Parameter #1</th><th>Parameter #2</th></tr><tr class="param stripe"><td>&quot;user using search input for find product by SKU&quot;</td><td>&quot;user login search by SKU for to find a product&quot;</td></tr></table><p class="totop"><a href="#summary">back to summary</a></p>
<h3 id="m16">org.example.TestRunner.Runners#runScenario</h3><table class="result"><tr class="param"><th>Parameter #1</th><th>Parameter #2</th></tr><tr class="param stripe"><td>&quot;user hover categories and choose one of them&quot;</td><td>&quot;user login could hover and choice multiple categories&quot;</td></tr></table><p class="totop"><a href="#summary">back to summary</a></p>
</body>
</html>
