<?xml version="1.0" encoding="UTF-8"?>
<!-- Generated by org.testng.reporters.JUnitReportReporter -->
<testsuite hostname="DESKTOP-AT94HTB" failures="3" tests="17" name="org.example.TestRunner.Runners" time="170.767" errors="1" timestamp="2022-07-04T11:33:49 EET" skipped="0">
  <testcase classname="org.example.TestRunner.Runners" name="runScenario" time="9.026"/>
  <system-out/>
  <testcase classname="org.example.TestRunner.Runners" name="runScenario" time="8.103"/>
  <system-out/>
  <testcase classname="org.example.TestRunner.Runners" name="runScenario" time="11.031"/>
  <system-out/>
  <testcase classname="org.example.TestRunner.Runners" name="runScenario" time="9.411"/>
  <system-out/>
  <testcase classname="org.example.TestRunner.Runners" name="runScenario" time="6.916"/>
  <system-out/>
  <testcase classname="org.example.TestRunner.Runners" name="runScenario" time="6.547">
    <failure message="expected [https://demo.nopcommerce.com/new-online-store-is-open] but found [https://demo.nopcommerce.com/news/rss/1]" type="java.lang.AssertionError">
      <![CDATA[java.lang.AssertionError: expected [https://demo.nopcommerce.com/new-online-store-is-open] but found [https://demo.nopcommerce.com/news/rss/1]
at org.testng.Assert.fail(Assert.java:110)
at org.testng.Assert.failNotEquals(Assert.java:1413)
at org.testng.Assert.assertEqualsImpl(Assert.java:149)
at org.testng.Assert.assertEquals(Assert.java:131)
at org.testng.Assert.assertEquals(Assert.java:655)
at org.testng.Assert.assertEquals(Assert.java:665)
at org.example.setpDefintions.D06_followUsSDef.rssAssert(D06_followUsSDef.java:53)
at ✽.New Store News Page is opened(file:///E:/Qutb/nopecommerceProject-master/src/main/resources/features/F06_followUs.feature:11)
]]>
    </failure>
  </testcase> <!-- runScenario -->
  <system-out/>
  <testcase classname="org.example.TestRunner.Runners" name="runScenario" time="8.426"/>
  <system-out/>
  <testcase classname="org.example.TestRunner.Runners" name="runScenario" time="8.735"/>
  <system-out/>
  <testcase classname="org.example.TestRunner.Runners" name="runScenario" time="16.334">
    <failure message="expected [https://demo.nopcommerce.com/Nokia_Lumia_1020] but found [https://demo.nopcommerce.com/]" type="java.lang.AssertionError">
      <![CDATA[java.lang.AssertionError: expected [https://demo.nopcommerce.com/Nokia_Lumia_1020] but found [https://demo.nopcommerce.com/]
at org.testng.Assert.fail(Assert.java:110)
at org.testng.Assert.failNotEquals(Assert.java:1413)
at org.testng.Assert.assertEqualsImpl(Assert.java:149)
at org.testng.Assert.assertEquals(Assert.java:131)
at org.testng.Assert.assertEquals(Assert.java:655)
at org.testng.Assert.assertEquals(Assert.java:665)
at org.example.setpDefintions.D08_homeSlidersDef.validateSecondSlider(D08_homeSlidersDef.java:39)
at ✽.user open the product 2 which it clickable(file:///E:/Qutb/nopecommerceProject-master/src/main/resources/features/F08_homeSlider.feature:9)
]]>
    </failure>
  </testcase> <!-- runScenario -->
  <system-out/>
  <testcase classname="org.example.TestRunner.Runners" name="runScenario" time="8.358"/>
  <system-out/>
  <testcase classname="org.example.TestRunner.Runners" name="runScenario" time="8.484">
    <failure message="expected [https://demo.nopcommerce.com/Iphone_s6] but found [https://demo.nopcommerce.com/]" type="java.lang.AssertionError">
      <![CDATA[java.lang.AssertionError: expected [https://demo.nopcommerce.com/Iphone_s6] but found [https://demo.nopcommerce.com/]
at org.testng.Assert.fail(Assert.java:110)
at org.testng.Assert.failNotEquals(Assert.java:1413)
at org.testng.Assert.assertEqualsImpl(Assert.java:149)
at org.testng.Assert.assertEquals(Assert.java:131)
at org.testng.Assert.assertEquals(Assert.java:655)
at org.testng.Assert.assertEquals(Assert.java:665)
at org.example.setpDefintions.D08_homeSlidersDef.validateFirstSlider(D08_homeSlidersDef.java:26)
at ✽.user open the product which it clickable(file:///E:/Qutb/nopecommerceProject-master/src/main/resources/features/F08_homeSlider.feature:5)
]]>
    </failure>
  </testcase> <!-- runScenario -->
  <system-out/>
  <testcase classname="org.example.TestRunner.Runners" name="runScenario" time="9.595"/>
  <system-out/>
  <testcase classname="org.example.TestRunner.Runners" name="runScenario" time="7.845"/>
  <system-out/>
  <testcase classname="org.example.TestRunner.Runners" name="runScenario" time="10.082"/>
  <system-out/>
  <testcase classname="org.example.TestRunner.Runners" name="runScenario" time="23.890">
    <error message="Cannot locate option with value: 03
For documentation on this error, please visit: https://selenium.dev/exceptions/#no_such_element
Build info: version: &#039;4.1.4&#039;, revision: &#039;535d840ee2&#039;
System info: host: &#039;DESKTOP-AT94HTB&#039;, ip: &#039;192.168.100.62&#039;, os.name: &#039;Windows 11&#039;, os.arch: &#039;amd64&#039;, os.version: &#039;10.0&#039;, java.version: &#039;18.0.1.1&#039;
Driver info: driver.version: unknown" type="org.openqa.selenium.NoSuchElementException">
      <![CDATA[org.openqa.selenium.NoSuchElementException: Cannot locate option with value: 03
For documentation on this error, please visit: https://selenium.dev/exceptions/#no_such_element
Build info: version: '4.1.4', revision: '535d840ee2'
System info: host: 'DESKTOP-AT94HTB', ip: '192.168.100.62', os.name: 'Windows 11', os.arch: 'amd64', os.version: '10.0', java.version: '18.0.1.1'
Driver info: driver.version: unknown
at org.openqa.selenium.support.ui.Select.findOptionsByValue(Select.java:287)
at org.openqa.selenium.support.ui.Select.selectByValue(Select.java:190)
at org.example.setpDefintions.D01_registerationStepsDef.date_ofBirth(D01_registerationStepsDef.java:36)
at ✽.user enter date of birth(file:///E:/Qutb/nopecommerceProject-master/src/main/resources/features/F01_registeration.feature:7)
]]>
    </error>
  </testcase> <!-- runScenario -->
  <system-out/>
  <testcase classname="org.example.TestRunner.Runners" name="runScenario" time="9.425"/>
  <system-out/>
  <testcase classname="org.example.TestRunner.Runners" name="runScenario" time="8.559"/>
  <system-out/>
</testsuite> <!-- org.example.TestRunner.Runners -->
